<?xml version="1.0" encoding="UTF-8"?>
<testsuite xmlns:xsi="http://www.w3.org/2001/XMLSchema-instance" xsi:noNamespaceSchemaLocation="https://maven.apache.org/surefire/maven-surefire-plugin/xsd/surefire-test-report-3.0.xsd" version="3.0" name="TestSuite" time="22.828" tests="4" errors="0" skipped="0" failures="0">
  <properties>
    <property name="java.specification.version" value="17"/>
    <property name="sun.cpu.isalist" value="amd64"/>
    <property name="sun.jnu.encoding" value="Cp1252"/>
    <property name="java.class.path" value="C:\Users\KrishnaUmapathy\eclipse-workspace\com.api.pw\target\test-classes;C:\Users\KrishnaUmapathy\eclipse-workspace\com.api.pw\target\classes;C:\Users\KrishnaUmapathy\.m2\repository\com\microsoft\playwright\playwright\1.30.0\playwright-1.30.0.jar;C:\Users\KrishnaUmapathy\.m2\repository\com\google\code\gson\gson\2.8.9\gson-2.8.9.jar;C:\Users\KrishnaUmapathy\.m2\repository\org\opentest4j\opentest4j\1.2.0\opentest4j-1.2.0.jar;C:\Users\KrishnaUmapathy\.m2\repository\com\microsoft\playwright\driver\1.30.0\driver-1.30.0.jar;C:\Users\KrishnaUmapathy\.m2\repository\com\microsoft\playwright\driver-bundle\1.30.0\driver-bundle-1.30.0.jar;C:\Users\KrishnaUmapathy\.m2\repository\org\testng\testng\7.4.0\testng-7.4.0.jar;C:\Users\KrishnaUmapathy\.m2\repository\com\beust\jcommander\1.78\jcommander-1.78.jar;C:\Users\KrishnaUmapathy\.m2\repository\org\webjars\jquery\3.5.1\jquery-3.5.1.jar;C:\Users\KrishnaUmapathy\.m2\repository\org\testng\reportng\1.2.2\reportng-1.2.2.jar;C:\Users\KrishnaUmapathy\.m2\repository\org\freemarker\freemarker\2.3.28\freemarker-2.3.28.jar;C:\Users\KrishnaUmapathy\.m2\repository\com\google\inject\guice\4.2.0\guice-4.2.0.jar;C:\Users\KrishnaUmapathy\.m2\repository\javax\inject\javax.inject\1\javax.inject-1.jar;C:\Users\KrishnaUmapathy\.m2\repository\aopalliance\aopalliance\1.0\aopalliance-1.0.jar;C:\Users\KrishnaUmapathy\.m2\repository\com\google\guava\guava\23.6-android\guava-23.6-android.jar;C:\Users\KrishnaUmapathy\.m2\repository\com\google\code\findbugs\jsr305\1.3.9\jsr305-1.3.9.jar;C:\Users\KrishnaUmapathy\.m2\repository\org\checkerframework\checker-compat-qual\2.0.0\checker-compat-qual-2.0.0.jar;C:\Users\KrishnaUmapathy\.m2\repository\com\google\errorprone\error_prone_annotations\2.1.3\error_prone_annotations-2.1.3.jar;C:\Users\KrishnaUmapathy\.m2\repository\com\google\j2objc\j2objc-annotations\1.1\j2objc-annotations-1.1.jar;C:\Users\KrishnaUmapathy\.m2\repository\org\codehaus\mojo\animal-sniffer-annotations\1.14\animal-sniffer-annotations-1.14.jar;C:\Users\KrishnaUmapathy\.m2\repository\org\projectlombok\lombok\1.18.20\lombok-1.18.20.jar;C:\Users\KrishnaUmapathy\.m2\repository\io\cucumber\cucumber-testng\7.0.0\cucumber-testng-7.0.0.jar;C:\Users\KrishnaUmapathy\.m2\repository\org\apiguardian\apiguardian-api\1.1.2\apiguardian-api-1.1.2.jar;C:\Users\KrishnaUmapathy\.m2\repository\io\cucumber\cucumber-core\7.0.0\cucumber-core-7.0.0.jar;C:\Users\KrishnaUmapathy\.m2\repository\io\cucumber\cucumber-gherkin\7.0.0\cucumber-gherkin-7.0.0.jar;C:\Users\KrishnaUmapathy\.m2\repository\io\cucumber\cucumber-gherkin-messages\7.0.0\cucumber-gherkin-messages-7.0.0.jar;C:\Users\KrishnaUmapathy\.m2\repository\io\cucumber\messages\17.1.1\messages-17.1.1.jar;C:\Users\KrishnaUmapathy\.m2\repository\io\cucumber\tag-expressions\4.0.2\tag-expressions-4.0.2.jar;C:\Users\KrishnaUmapathy\.m2\repository\io\cucumber\cucumber-expressions\13.0.1\cucumber-expressions-13.0.1.jar;C:\Users\KrishnaUmapathy\.m2\repository\io\cucumber\datatable\7.0.0\datatable-7.0.0.jar;C:\Users\KrishnaUmapathy\.m2\repository\io\cucumber\cucumber-plugin\7.0.0\cucumber-plugin-7.0.0.jar;C:\Users\KrishnaUmapathy\.m2\repository\io\cucumber\docstring\7.0.0\docstring-7.0.0.jar;C:\Users\KrishnaUmapathy\.m2\repository\io\cucumber\html-formatter\17.0.0\html-formatter-17.0.0.jar;C:\Users\KrishnaUmapathy\.m2\repository\io\cucumber\create-meta\6.0.1\create-meta-6.0.1.jar;C:\Users\KrishnaUmapathy\.m2\repository\io\cucumber\cucumber-java\7.0.0\cucumber-java-7.0.0.jar;C:\Users\KrishnaUmapathy\.m2\repository\com\jayway\jsonpath\json-path\2.6.0\json-path-2.6.0.jar;C:\Users\KrishnaUmapathy\.m2\repository\net\minidev\json-smart\2.4.7\json-smart-2.4.7.jar;C:\Users\KrishnaUmapathy\.m2\repository\net\minidev\accessors-smart\2.4.7\accessors-smart-2.4.7.jar;C:\Users\KrishnaUmapathy\.m2\repository\org\ow2\asm\asm\9.1\asm-9.1.jar;C:\Users\KrishnaUmapathy\.m2\repository\org\slf4j\slf4j-api\1.7.30\slf4j-api-1.7.30.jar;C:\Users\KrishnaUmapathy\.m2\repository\com\github\javafaker\javafaker\1.0.2\javafaker-1.0.2.jar;C:\Users\KrishnaUmapathy\.m2\repository\org\apache\commons\commons-lang3\3.5\commons-lang3-3.5.jar;C:\Users\KrishnaUmapathy\.m2\repository\org\yaml\snakeyaml\1.23\snakeyaml-1.23-android.jar;C:\Users\KrishnaUmapathy\.m2\repository\com\github\mifmif\generex\1.0.2\generex-1.0.2.jar;C:\Users\KrishnaUmapathy\.m2\repository\dk\brics\automaton\automaton\1.11-8\automaton-1.11-8.jar;C:\Users\KrishnaUmapathy\.m2\repository\org\apache\logging\log4j\log4j-core\2.9.1\log4j-core-2.9.1.jar;C:\Users\KrishnaUmapathy\.m2\repository\org\apache\logging\log4j\log4j-api\2.9.1\log4j-api-2.9.1.jar;C:\Users\KrishnaUmapathy\.m2\repository\org\slf4j\slf4j-log4j12\1.7.32\slf4j-log4j12-1.7.32.jar;C:\Users\KrishnaUmapathy\.m2\repository\log4j\log4j\1.2.17\log4j-1.2.17.jar;C:\Users\KrishnaUmapathy\.m2\repository\com\aventstack\extentreports\5.0.8\extentreports-5.0.8.jar;C:\Users\KrishnaUmapathy\.m2\repository\io\reactivex\rxjava3\rxjava\3.0.4\rxjava-3.0.4.jar;C:\Users\KrishnaUmapathy\.m2\repository\org\reactivestreams\reactive-streams\1.0.3\reactive-streams-1.0.3.jar;"/>
    <property name="java.vm.vendor" value="Eclipse Adoptium"/>
    <property name="sun.arch.data.model" value="64"/>
    <property name="user.variant" value=""/>
    <property name="java.vendor.url" value="https://adoptium.net/"/>
    <property name="user.timezone" value="Europe/London"/>
    <property name="os.name" value="Windows 10"/>
    <property name="java.vm.specification.version" value="17"/>
    <property name="sun.java.launcher" value="SUN_STANDARD"/>
    <property name="user.country" value="GB"/>
    <property name="sun.boot.library.path" value="C:\Users\KrishnaUmapathy\.p2\pool\plugins\org.eclipse.justj.openjdk.hotspot.jre.full.win32.x86_64_17.0.5.v20221102-0933\jre\bin"/>
    <property name="sun.java.command" value="C:\Users\KrishnaUmapathy\AppData\Local\Temp\surefire12999742583311041199\surefirebooter-20230316143529563_3.jar C:\Users\KrishnaUmapathy\AppData\Local\Temp\surefire12999742583311041199 2023-03-16T14-35-29_229-jvmRun1 surefire-20230316143529563_1tmp surefire_0-20230316143529563_2tmp"/>
    <property name="jdk.debug" value="release"/>
    <property name="surefire.test.class.path" value="C:\Users\KrishnaUmapathy\eclipse-workspace\com.api.pw\target\test-classes;C:\Users\KrishnaUmapathy\eclipse-workspace\com.api.pw\target\classes;C:\Users\KrishnaUmapathy\.m2\repository\com\microsoft\playwright\playwright\1.30.0\playwright-1.30.0.jar;C:\Users\KrishnaUmapathy\.m2\repository\com\google\code\gson\gson\2.8.9\gson-2.8.9.jar;C:\Users\KrishnaUmapathy\.m2\repository\org\opentest4j\opentest4j\1.2.0\opentest4j-1.2.0.jar;C:\Users\KrishnaUmapathy\.m2\repository\com\microsoft\playwright\driver\1.30.0\driver-1.30.0.jar;C:\Users\KrishnaUmapathy\.m2\repository\com\microsoft\playwright\driver-bundle\1.30.0\driver-bundle-1.30.0.jar;C:\Users\KrishnaUmapathy\.m2\repository\org\testng\testng\7.4.0\testng-7.4.0.jar;C:\Users\KrishnaUmapathy\.m2\repository\com\beust\jcommander\1.78\jcommander-1.78.jar;C:\Users\KrishnaUmapathy\.m2\repository\org\webjars\jquery\3.5.1\jquery-3.5.1.jar;C:\Users\KrishnaUmapathy\.m2\repository\org\testng\reportng\1.2.2\reportng-1.2.2.jar;C:\Users\KrishnaUmapathy\.m2\repository\org\freemarker\freemarker\2.3.28\freemarker-2.3.28.jar;C:\Users\KrishnaUmapathy\.m2\repository\com\google\inject\guice\4.2.0\guice-4.2.0.jar;C:\Users\KrishnaUmapathy\.m2\repository\javax\inject\javax.inject\1\javax.inject-1.jar;C:\Users\KrishnaUmapathy\.m2\repository\aopalliance\aopalliance\1.0\aopalliance-1.0.jar;C:\Users\KrishnaUmapathy\.m2\repository\com\google\guava\guava\23.6-android\guava-23.6-android.jar;C:\Users\KrishnaUmapathy\.m2\repository\com\google\code\findbugs\jsr305\1.3.9\jsr305-1.3.9.jar;C:\Users\KrishnaUmapathy\.m2\repository\org\checkerframework\checker-compat-qual\2.0.0\checker-compat-qual-2.0.0.jar;C:\Users\KrishnaUmapathy\.m2\repository\com\google\errorprone\error_prone_annotations\2.1.3\error_prone_annotations-2.1.3.jar;C:\Users\KrishnaUmapathy\.m2\repository\com\google\j2objc\j2objc-annotations\1.1\j2objc-annotations-1.1.jar;C:\Users\KrishnaUmapathy\.m2\repository\org\codehaus\mojo\animal-sniffer-annotations\1.14\animal-sniffer-annotations-1.14.jar;C:\Users\KrishnaUmapathy\.m2\repository\org\projectlombok\lombok\1.18.20\lombok-1.18.20.jar;C:\Users\KrishnaUmapathy\.m2\repository\io\cucumber\cucumber-testng\7.0.0\cucumber-testng-7.0.0.jar;C:\Users\KrishnaUmapathy\.m2\repository\org\apiguardian\apiguardian-api\1.1.2\apiguardian-api-1.1.2.jar;C:\Users\KrishnaUmapathy\.m2\repository\io\cucumber\cucumber-core\7.0.0\cucumber-core-7.0.0.jar;C:\Users\KrishnaUmapathy\.m2\repository\io\cucumber\cucumber-gherkin\7.0.0\cucumber-gherkin-7.0.0.jar;C:\Users\KrishnaUmapathy\.m2\repository\io\cucumber\cucumber-gherkin-messages\7.0.0\cucumber-gherkin-messages-7.0.0.jar;C:\Users\KrishnaUmapathy\.m2\repository\io\cucumber\messages\17.1.1\messages-17.1.1.jar;C:\Users\KrishnaUmapathy\.m2\repository\io\cucumber\tag-expressions\4.0.2\tag-expressions-4.0.2.jar;C:\Users\KrishnaUmapathy\.m2\repository\io\cucumber\cucumber-expressions\13.0.1\cucumber-expressions-13.0.1.jar;C:\Users\KrishnaUmapathy\.m2\repository\io\cucumber\datatable\7.0.0\datatable-7.0.0.jar;C:\Users\KrishnaUmapathy\.m2\repository\io\cucumber\cucumber-plugin\7.0.0\cucumber-plugin-7.0.0.jar;C:\Users\KrishnaUmapathy\.m2\repository\io\cucumber\docstring\7.0.0\docstring-7.0.0.jar;C:\Users\KrishnaUmapathy\.m2\repository\io\cucumber\html-formatter\17.0.0\html-formatter-17.0.0.jar;C:\Users\KrishnaUmapathy\.m2\repository\io\cucumber\create-meta\6.0.1\create-meta-6.0.1.jar;C:\Users\KrishnaUmapathy\.m2\repository\io\cucumber\cucumber-java\7.0.0\cucumber-java-7.0.0.jar;C:\Users\KrishnaUmapathy\.m2\repository\com\jayway\jsonpath\json-path\2.6.0\json-path-2.6.0.jar;C:\Users\KrishnaUmapathy\.m2\repository\net\minidev\json-smart\2.4.7\json-smart-2.4.7.jar;C:\Users\KrishnaUmapathy\.m2\repository\net\minidev\accessors-smart\2.4.7\accessors-smart-2.4.7.jar;C:\Users\KrishnaUmapathy\.m2\repository\org\ow2\asm\asm\9.1\asm-9.1.jar;C:\Users\KrishnaUmapathy\.m2\repository\org\slf4j\slf4j-api\1.7.30\slf4j-api-1.7.30.jar;C:\Users\KrishnaUmapathy\.m2\repository\com\github\javafaker\javafaker\1.0.2\javafaker-1.0.2.jar;C:\Users\KrishnaUmapathy\.m2\repository\org\apache\commons\commons-lang3\3.5\commons-lang3-3.5.jar;C:\Users\KrishnaUmapathy\.m2\repository\org\yaml\snakeyaml\1.23\snakeyaml-1.23-android.jar;C:\Users\KrishnaUmapathy\.m2\repository\com\github\mifmif\generex\1.0.2\generex-1.0.2.jar;C:\Users\KrishnaUmapathy\.m2\repository\dk\brics\automaton\automaton\1.11-8\automaton-1.11-8.jar;C:\Users\KrishnaUmapathy\.m2\repository\org\apache\logging\log4j\log4j-core\2.9.1\log4j-core-2.9.1.jar;C:\Users\KrishnaUmapathy\.m2\repository\org\apache\logging\log4j\log4j-api\2.9.1\log4j-api-2.9.1.jar;C:\Users\KrishnaUmapathy\.m2\repository\org\slf4j\slf4j-log4j12\1.7.32\slf4j-log4j12-1.7.32.jar;C:\Users\KrishnaUmapathy\.m2\repository\log4j\log4j\1.2.17\log4j-1.2.17.jar;C:\Users\KrishnaUmapathy\.m2\repository\com\aventstack\extentreports\5.0.8\extentreports-5.0.8.jar;C:\Users\KrishnaUmapathy\.m2\repository\io\reactivex\rxjava3\rxjava\3.0.4\rxjava-3.0.4.jar;C:\Users\KrishnaUmapathy\.m2\repository\org\reactivestreams\reactive-streams\1.0.3\reactive-streams-1.0.3.jar;"/>
    <property name="sun.cpu.endian" value="little"/>
    <property name="user.home" value="C:\Users\KrishnaUmapathy"/>
    <property name="user.language" value="en"/>
    <property name="java.specification.vendor" value="Oracle Corporation"/>
    <property name="java.version.date" value="2022-10-18"/>
    <property name="java.home" value="C:\Users\KrishnaUmapathy\.p2\pool\plugins\org.eclipse.justj.openjdk.hotspot.jre.full.win32.x86_64_17.0.5.v20221102-0933\jre"/>
    <property name="file.separator" value="\"/>
    <property name="style.color" value="always"/>
    <property name="basedir" value="C:\Users\KrishnaUmapathy\eclipse-workspace\com.api.pw"/>
    <property name="java.vm.compressedOopsMode" value="Zero based"/>
    <property name="line.separator" value="&#10;"/>
    <property name="java.vm.specification.vendor" value="Oracle Corporation"/>
    <property name="java.specification.name" value="Java Platform API Specification"/>
    <property name="surefire.real.class.path" value="C:\Users\KrishnaUmapathy\AppData\Local\Temp\surefire12999742583311041199\surefirebooter-20230316143529563_3.jar"/>
    <property name="user.script" value=""/>
    <property name="sun.management.compiler" value="HotSpot 64-Bit Tiered Compilers"/>
    <property name="java.runtime.version" value="17.0.5+8"/>
    <property name="user.name" value="KrishnaUmapathy"/>
    <property name="path.separator" value=";"/>
    <property name="os.version" value="10.0"/>
    <property name="java.runtime.name" value="OpenJDK Runtime Environment"/>
    <property name="file.encoding" value="Cp1252"/>
    <property name="java.vm.name" value="OpenJDK 64-Bit Server VM"/>
    <property name="java.vendor.version" value="Temurin-17.0.5+8"/>
    <property name="localRepository" value="C:\Users\KrishnaUmapathy\.m2\repository"/>
    <property name="java.vendor.url.bug" value="https://github.com/adoptium/adoptium-support/issues"/>
    <property name="java.io.tmpdir" value="C:\Users\KRISHN~1\AppData\Local\Temp\"/>
    <property name="java.version" value="17.0.5"/>
    <property name="user.dir" value="C:\Users\KrishnaUmapathy\eclipse-workspace\com.api.pw"/>
    <property name="os.arch" value="amd64"/>
    <property name="java.vm.specification.name" value="Java Virtual Machine Specification"/>
    <property name="sun.os.patch.level" value=""/>
    <property name="native.encoding" value="Cp1252"/>
    <property name="java.library.path" value="C:\Users\KrishnaUmapathy\.p2\pool\plugins\org.eclipse.justj.openjdk.hotspot.jre.full.win32.x86_64_17.0.5.v20221102-0933\jre\bin;C:\Windows\Sun\Java\bin;C:\Windows\system32;C:\Windows;C:\Program Files\Common Files\Oracle\Java\javapath;C:\Windows\system32;C:\Windows;C:\Windows\System32\Wbem;C:\Windows\System32\WindowsPowerShell\v1.0\;C:\Windows\System32\OpenSSH\;C:\Program Files\Microsoft SQL Server\150\Tools\Binn\;C:\Program Files\WinMerge;C:\Program Files\PuTTY\;C:\Program Files\Docker\Docker\resources\bin;C:\Users\KrishnaUmapathy\AppData\Local\Microsoft\WindowsApps;C:\Users\KrishnaUmapathy\AppData\Local\Programs\Microsoft VS Code\bin;C:\Program Files\JetBrains\PyCharm Community Edition 2022.3.1\bin;;C:\Program Files\Java\jdk-17\bin;C:\Program Files\Maven\apache-maven-3.9.0\bin;C:\Users\KrishnaUmapathy\AppData\Local\JetBrains\IntelliJ IDEA Community Edition 2022.3.2\bin;;;."/>
    <property name="java.vm.info" value="mixed mode"/>
    <property name="java.vendor" value="Eclipse Adoptium"/>
    <property name="java.vm.version" value="17.0.5+8"/>
    <property name="sun.io.unicode.encoding" value="UnicodeLittle"/>
    <property name="java.class.version" value="61.0"/>
  </properties>
  <testcase name="runScenario[&quot;Ping env&quot;, &quot;Optional[Title of your feature]&quot;](1)" classname="apiPW.com.api.runner.TestRunner" time="3.865">
    <system-out><![CDATA[
Scenario: Ping env                                       &amp#27;[90m# src/main/java/apiPW/com/api/features/Login.feature:25&amp#27;[0m
  &amp#27;[32mGiven &amp#27;[0m&amp#27;[32menvironment is loaded&amp#27;[0m                            &amp#27;[90m# apiPW.com.api.tests.AppTests.setUp()&amp#27;[0m
Status code is 200
  &amp#27;[32mThen &amp#27;[0m&amp#27;[32mping the environment and status should be success&amp#27;[0m &amp#27;[90m# apiPW.com.api.tests.AppTests.pingEnv()&amp#27;[0m
]]></system-out>
  </testcase>
  <testcase name="runScenario[&quot;Login API&quot;, &quot;Optional[Title of your feature]&quot;](2)" classname="apiPW.com.api.runner.TestRunner" time="0.653">
    <system-out><![CDATA[
Scenario: Login API                                                   &amp#27;[90m# src/main/java/apiPW/com/api/features/Login.feature:29&amp#27;[0m
  &amp#27;[32mGiven &amp#27;[0m&amp#27;[32menvironment is loaded&amp#27;[0m                                         &amp#27;[90m# apiPW.com.api.tests.AppTests.setUp()&amp#27;[0m
  &amp#27;[32mWhen &amp#27;[0m&amp#27;[32muser logs into API with valid credentials and login is success&amp#27;[0m &amp#27;[90m# apiPW.com.api.tests.AppTests.Login()&amp#27;[0m
]]></system-out>
  </testcase>
  <testcase name="runScenario[&quot;Quick Quote API&quot;, &quot;Optional[Title of your feature]&quot;](3)" classname="apiPW.com.api.runner.TestRunner" time="1.268">
    <system-out><![CDATA[
Scenario: Quick Quote API                                             &amp#27;[90m# src/main/java/apiPW/com/api/features/Login.feature:33&amp#27;[0m
  &amp#27;[32mGiven &amp#27;[0m&amp#27;[32menvironment is loaded&amp#27;[0m                                         &amp#27;[90m# apiPW.com.api.tests.AppTests.setUp()&amp#27;[0m
  &amp#27;[32mWhen &amp#27;[0m&amp#27;[32muser logs into API with valid credentials and login is success&amp#27;[0m &amp#27;[90m# apiPW.com.api.tests.AppTests.Login()&amp#27;[0m
{"getQuote":{"schemeCode":"TES001","deposit":50,"premium":5000,"flatRate":null,"startDate":"2021-02-10"},"sharedXref":null,"existingAgreementNumber":null,"agreementNumber":"000099161","createdOn":"2023-03-16","daysValid":null,"daysRemaining":null,"activated":null,"activatedOn":null,"scheme":{"branchId":"5476010","classificationId":"100000","brandId":"116632","brandName":"PF NBC 5WD RNWLC 5WD BRAND","hostCompany":{"name":"PremFina Ltd"},"broker":{"brokerOwnReference":null,"source":"PremFina Test Broker"},"introducer":{"name":"PremFina Test Broker","code":"Z00235","id":"277009"},"newBusinessNumberOfInstalments":12,"renewalNumberOfInstalments":10,"newBusinessFlatRate":"10","newBusinessMinFlatRate":"10","newBusinessMaxFlatRate":"14","renewalFlatRate":"12","renewalMinFlatRate":"10","renewalMaxFlatRate":"14","code":"TES001","providerName":"Aviva Plc","providerId":"105556","cancellationType":"Pro Rata - Cancellable","recourseLevel":"Recourse","type":"Personal","minLoanAmount":null,"maxLoanAmount":"500000","active":true,"minimumCreditChargeActive":false,"minimumCreditCharge":null,"newBusinessMinimumDepositPercentage":null,"newBusinessMaximumDepositPercentage":null,"newBusinessMinimumDepositAmount":null,"newBusinessMaximumDepositAmount":null,"newBusinessDepositPercentageOfPremium":null,"renewalMinimumDepositPercentage":null,"renewalMaximumDepositPercentage":null,"renewalMinimumDepositAmount":null,"renewalMaximumDepositAmount":null,"renewalDepositPercentageOfPremium":null,"product":{"name":"PF NBC 5WD RNWLC 5WD PRODUCT","id":"116631"}},"loanAdvance":4950.00,"loanInterest":"495.00","deposit":50.00,"noInstallments":12,"flatRate":"10.0000000","installmentAmount":453.75,"apr":"19.5288860","customerId":null,"feeCharges":[{"type":"Facility Fee","amount":100.00,"addToTotalRepayable":true,"reference":null}],"softwareHouse":null,"loanFees":100.00,"totalPayable":5545.00,"minimumCreditChargeMet":true,"preCheckResponse":null,"preCheckResponseBreakdown":null,"schedule":null,"clientRef":null}
  &amp#27;[32mThen &amp#27;[0m&amp#27;[32mrequests for quickQuote&amp#27;[0m                                        &amp#27;[90m# apiPW.com.api.tests.AppTests.quickQuote()&amp#27;[0m
]]></system-out>
  </testcase>
  <testcase name="runScenario[&quot;Persist Quote Activate&quot;, &quot;Optional[Title of your feature]&quot;](4)" classname="apiPW.com.api.runner.TestRunner" time="15.09">
    <system-out><![CDATA[
Scenario: Persist Quote Activate                                      &amp#27;[90m# src/main/java/apiPW/com/api/features/Login.feature:49&amp#27;[0m
  &amp#27;[32mGiven &amp#27;[0m&amp#27;[32menvironment is loaded&amp#27;[0m                                         &amp#27;[90m# apiPW.com.api.tests.AppTests.setUp()&amp#27;[0m
  &amp#27;[32mWhen &amp#27;[0m&amp#27;[32muser logs into API with valid credentials and login is success&amp#27;[0m &amp#27;[90m# apiPW.com.api.tests.AppTests.Login()&amp#27;[0m
14:35:37.250 [main] INFO  org.testng.TestRunner - Starting the test run...
{"daysValid":"30","preCheck":true,"getQuote":{"schemeCode":"TES001","deposit":"67","premium":"681.70","flatRate":10,"startDate":"2023-10-02"},"agreement":{"customer":{"title":"MR","surname":"Donnelly","firstName":"Esign AC","dateOfBirth":"12-12-1973","addresses":[{"addressLine1":"12 B","addressLine2":"Carshalton road","postalTown":"Sutton","country":"United Kingdom","postCode":"SM14LH"}],"contacts":[{"email":"testing@premfina.com","mobile":"07443577777"}]},"policies":[{"startDate":"03-10-2023","cancellationType":"Pro Rata - Cancellable","reference":"PFTEST1","insurer":"Aviva Plc","coverType":"Car","premium":"681.70"}],"bankAccount":{"sortCode":"000001","accountNumber":"00000001","accountName":"Returns Accounts"}}}
Response status code: 200
Response body: {"getQuote":{"schemeCode":"TES001","deposit":67,"premium":681.70,"flatRate":10,"startDate":"2023-10-02"},"sharedXref":"PremFina Test Broker-13097659200872673","existingAgreementNumber":null,"agreementNumber":"000188393","createdOn":"2023-03-16","daysValid":30,"daysRemaining":30,"activated":null,"activatedOn":null,"scheme":{"branchId":"5476010","classificationId":"100000","brandId":"116632","brandName":"PF NBC 5WD RNWLC 5WD BRAND","hostCompany":{"name":"PremFina Ltd"},"broker":{"brokerOwnReference":null,"source":"PremFina Test Broker"},"introducer":{"name":"PremFina Test Broker","code":"Z00235","id":"277009"},"newBusinessNumberOfInstalments":12,"renewalNumberOfInstalments":10,"newBusinessFlatRate":"10","newBusinessMinFlatRate":"10","newBusinessMaxFlatRate":"14","renewalFlatRate":"12","renewalMinFlatRate":"10","renewalMaxFlatRate":"14","code":"TES001","providerName":"Aviva Plc","providerId":"105556","cancellationType":"Pro Rata - Cancellable","recourseLevel":"Recourse","type":"Personal","minLoanAmount":null,"maxLoanAmount":"500000","active":true,"minimumCreditChargeActive":false,"minimumCreditCharge":null,"newBusinessMinimumDepositPercentage":null,"newBusinessMaximumDepositPercentage":null,"newBusinessMinimumDepositAmount":null,"newBusinessMaximumDepositAmount":null,"newBusinessDepositPercentageOfPremium":null,"renewalMinimumDepositPercentage":null,"renewalMaximumDepositPercentage":null,"renewalMinimumDepositAmount":null,"renewalMaximumDepositAmount":null,"renewalDepositPercentageOfPremium":null,"product":{"name":"PF NBC 5WD RNWLC 5WD PRODUCT","id":"116631"}},"loanAdvance":614.70,"loanInterest":"61.47","deposit":67.00,"noInstallments":12,"flatRate":"10.0000000","installmentAmount":56.35,"apr":"19.5314300","customerId":35634130,"feeCharges":[],"softwareHouse":null,"loanFees":0,"totalPayable":676.17,"minimumCreditChargeMet":true,"preCheckResponse":"Passed","preCheckResponseBreakdown":{"defaultsResult":"approved","idResult":"NA","amlResult":"approved","creditResult":"approved"},"schedule":null,"clientRef":null}
sharedXref : PremFina Test Broker-13097659200872673
  &amp#27;[32mAnd &amp#27;[0m&amp#27;[32mposts the persistQuote&amp#27;[0m                                          &amp#27;[90m# apiPW.com.api.tests.AppTests.persistQuote()&amp#27;[0m
{accountName=Returns Account, accountNumber=00000001, sortCode=000001}
/update/pquote/PremFina Test Broker-13097659200872673/xDDvvIBKYzS22j1JHgIem3eu4jbCQSBt6WBo5oMu8vPMX9LK60
{"agreementId":null,"agreementNumber":"000188393","broker":{"brokerOwnReference":"PremFina Test Broker","source":"PremFina Test Broker"},"hostCompany":{"name":"PremFina Ltd"},"clientRef":null,"customer":{"id":null,"addresses":[{"id":null,"addressLine1":"12 B","addressLine2":"Carshalton road","district":null,"postalTown":"Sutton","county":null,"country":"United Kingdom","postCode":"SM14LH","currentlyResident":null,"movingInDate":null,"movingOutDate":null}],"contacts":[{"email":"testing@premfina.com","landline":null,"mobile":"07443577777","fax":null}],"bankAccounts":[{"sortCode":"000001","accountNumber":"00000001","accountName":"Returns Account","mandateConsent":null}],"customerType":"Person","identityType":"MainCustomer","emailAddress":null,"title":"MR","surname":"Donnelly","firstName":"Esign AC","middleNames":null,"dateOfBirth":"12-12-1973","occupation":null,"employmentStatus":null},"companyCustomer":null,"quote":{"getQuote":{"schemeCode":"TES001","deposit":67,"premium":681.70,"flatRate":10,"startDate":"2023-10-02"},"sharedXref":"PremFina Test Broker-13097659200872673","existingAgreementNumber":null,"agreementNumber":"000188393","createdOn":"2023-03-16","daysValid":null,"daysRemaining":null,"activated":null,"activatedOn":null,"scheme":{"branchId":"5476010","classificationId":"100000","brandId":"116632","brandName":"PF NBC 5WD RNWLC 5WD BRAND","hostCompany":{"name":"PremFina Ltd"},"broker":{"brokerOwnReference":null,"source":"PremFina Test Broker"},"introducer":{"name":"PremFina Test Broker","code":"Z00235","id":"277009"},"newBusinessNumberOfInstalments":12,"renewalNumberOfInstalments":10,"newBusinessFlatRate":"10","newBusinessMinFlatRate":"10","newBusinessMaxFlatRate":"14","renewalFlatRate":"12","renewalMinFlatRate":"10","renewalMaxFlatRate":"14","code":"TES001","providerName":"Aviva Plc","providerId":"105556","cancellationType":"Pro Rata - Cancellable","recourseLevel":"Recourse","type":"Personal","minLoanAmount":null,"maxLoanAmount":"500000","active":true,"minimumCreditChargeActive":false,"minimumCreditCharge":null,"newBusinessMinimumDepositPercentage":null,"newBusinessMaximumDepositPercentage":null,"newBusinessMinimumDepositAmount":null,"newBusinessMaximumDepositAmount":null,"newBusinessDepositPercentageOfPremium":null,"renewalMinimumDepositPercentage":null,"renewalMaximumDepositPercentage":null,"renewalMinimumDepositAmount":null,"renewalMaximumDepositAmount":null,"renewalDepositPercentageOfPremium":null,"product":{"name":"PF NBC 5WD RNWLC 5WD PRODUCT","id":"116631"}},"loanAdvance":614.70,"loanInterest":"61.47","deposit":67.00,"noInstallments":12,"flatRate":"10.0000000","installmentAmount":56.34,"apr":"19.5314300","customerId":35634130,"feeCharges":[],"softwareHouse":null,"loanFees":0,"totalPayable":676.17,"minimumCreditChargeMet":true,"preCheckResponse":"Passed","preCheckResponseBreakdown":{"defaultsResult":"approved","idResult":"NA","amlResult":"approved","creditResult":"approved"},"schedule":null,"clientRef":null},"params":[],"policies":[{"startDate":"03-10-2023","cancellationType":"Pro Rata - Cancellable","reference":"PFTEST1","insurer":"Aviva Plc","providerId":105556,"premium":681.70,"coverType":"Car"}],"introducerId":null,"introducerName":"PremFina Test Broker","config":null,"loanAdvance":null,"installment":null,"liveDate":null,"maturityDate":null,"numberOfPayments":null,"nextDueDate":null,"loanInterest":null,"status":null,"flatRate":null,"apr":null,"deposit":67,"arrears":null,"outstandingBalance":null,"feeBalance":null,"mandateStatusId":null,"mandateStatusDescription":null,"directDebitsAreSuppressed":null,"softwareHouse":null,"currencyCode":null,"pendingCancellation":false,"pendingCancellationDateTime":null}
  &amp#27;[32mThen &amp#27;[0m&amp#27;[32mUpdate PersistQuote DD&amp#27;[0m                                         &amp#27;[90m# apiPW.com.api.tests.AppTests.updateBankAccount()&amp#27;[0m
/activate/quote/PremFina Test Broker-13097659200872673/xDDvvIBKYzS22j1JHgIem3eu4jbCQSBt6WBo5oMu8vPMX9LK60
Response {"agreementNumber":"000188393","schedule":[{"date":"2023-10-03","amount":56.43,"number":1,"status":"Due"},{"date":"2023-11-03","amount":56.34,"number":2,"status":"Due"},{"date":"2023-12-03","amount":56.34,"number":3,"status":"Due"},{"date":"2024-01-03","amount":56.34,"number":4,"status":"Due"},{"date":"2024-02-03","amount":56.34,"number":5,"status":"Due"},{"date":"2024-03-03","amount":56.34,"number":6,"status":"Due"},{"date":"2024-04-03","amount":56.34,"number":7,"status":"Due"},{"date":"2024-05-03","amount":56.34,"number":8,"status":"Due"},{"date":"2024-06-03","amount":56.34,"number":9,"status":"Due"},{"date":"2024-07-03","amount":56.34,"number":10,"status":"Due"},{"date":"2024-08-03","amount":56.34,"number":11,"status":"Due"},{"date":"2024-09-03","amount":56.34,"number":12,"status":"Due"}]}
  &amp#27;[32mAnd &amp#27;[0m&amp#27;[32mactivate the quote&amp#27;[0m                                              &amp#27;[90m# apiPW.com.api.tests.AppTests.activateQuote()&amp#27;[0m
]]></system-out>
    <system-err><![CDATA[log4j:WARN No appenders could be found for logger (com.jayway.jsonpath.internal.path.CompiledPath).
log4j:WARN Please initialize the log4j system properly.
log4j:WARN See http://logging.apache.org/log4j/1.2/faq.html#noconfig for more info.
]]></system-err>
  </testcase>
</testsuite>