<?xml version="1.0" encoding="UTF-8"?>
<!-- Generated by org.testng.reporters.JUnitReportReporter -->
<testsuite hostname="STDPW03F8G8" failures="0" tests="3" name="apiPW.com.api.pw.App" time="1.229" errors="0" timestamp="2023-03-14T00:02:12 GMT" skipped="0">
  <testcase classname="apiPW.com.api.pw.App" name="pingEnv" time="0.116"/>
  <testcase classname="apiPW.com.api.pw.App" name="Login" time="0.267"/>
  <testcase classname="apiPW.com.api.pw.App" name="quickQuote" time="0.846"/>
</testsuite> <!-- apiPW.com.api.pw.App -->
