<?xml version="1.0" encoding="UTF-8"?>
<!-- Generated by org.testng.reporters.JUnitReportReporter -->
<testsuite hostname="STDPW03F8G8" failures="0" tests="4" name="apiPW.com.api.runner.TestRunner" time="20.877" errors="0" timestamp="2023-03-16T14:35:52 GMT" skipped="0">
  <testcase classname="apiPW.com.api.runner.TestRunner" name="runScenario" time="15.091"/>
  <system-out/>
  <testcase classname="apiPW.com.api.runner.TestRunner" name="runScenario" time="1.268"/>
  <system-out/>
  <testcase classname="apiPW.com.api.runner.TestRunner" name="runScenario" time="3.864"/>
  <system-out/>
  <testcase classname="apiPW.com.api.runner.TestRunner" name="runScenario" time="0.654"/>
  <system-out/>
</testsuite> <!-- apiPW.com.api.runner.TestRunner -->
